slurmstepd: info: Setting TMPDIR to /scratch/7215979. Previous errors about TMPDIR can be discarded
binutils/2.31.1 loaded 
icc/2018.5.274 loaded 
ifort/2018.5.274 loaded 
intel/2018.5.274 loaded 
numactl/2.0.12 loaded 
impi/2018.5.288 loaded 
 
imkl/2018.5.274 loaded 
openblas/0.3.9 loaded 
rm -rf obj target
icc -O2 -s -march=core-avx2 -fma -ftz -fomit-frame-pointer -MMD -MD -c src/dgesv.c -o obj/intel/release/dgesv.o
src/dgesv.c(54): warning #3180: unrecognized OpenMP #pragma
  #pragma omp parallel private(i)
          ^

src/dgesv.c(58): warning #3180: unrecognized OpenMP #pragma
  #pragma omp for private(k) schedule(static)
          ^

src/dgesv.c(68): warning #3180: unrecognized OpenMP #pragma
  #pragma omp master
          ^

src/dgesv.c(71): warning #3180: unrecognized OpenMP #pragma
  #pragma omp for private(k) schedule(static)
          ^

src/dgesv.c(83): warning #3180: unrecognized OpenMP #pragma
  #pragma omp for private(j,k) schedule(static) nowait
          ^

src/dgesv.c(96): warning #3180: unrecognized OpenMP #pragma
  #pragma omp for private(j,k) schedule(static)
          ^

src/dgesv.c(109): warning #3180: unrecognized OpenMP #pragma
  #pragma omp for private(j) schedule(static)
          ^

icc obj/intel/release/dgesv.o -o target/intel/release.out -O2 -s -mkl
Executing for NON-OMP cores. OLEVEL=-O2
Time taken by MKL: 9.39s
Time taken by my implementation: 0.00s


